----------

Tue Sep 01 2020 22:06:35 GMT-0700 (Pacific Daylight Time)

Script C:\Users\Tim E\Desktop\export.bat couldn't be run

----------

Wed Sep 02 2020 12:41:35 GMT-0700 (Pacific Daylight Time)

Script C:\Users\Tim E\Desktop\export.bat couldn't be run

----------

Wed Sep 02 2020 21:58:22 GMT-0700 (Pacific Daylight Time)

Script C:\Users\Tim E\Desktop\export.bat couldn't be run

----------

Wed Sep 02 2020 22:16:59 GMT-0700 (Pacific Daylight Time)

Script C:\Users\Tim E\Desktop\export.bat couldn't be run

----------

Wed Sep 02 2020 22:19:11 GMT-0700 (Pacific Daylight Time)

Script C:\Users\Tim E\Desktop\export.bat couldn't be run

----------

Wed Sep 02 2020 22:25:41 GMT-0700 (Pacific Daylight Time)

Script C:\Users\Tim E\Desktop\export.bat couldn't be run

----------

Wed Sep 02 2020 22:34:33 GMT-0700 (Pacific Daylight Time)

Script C:\Users\Tim E\Desktop\export.bat couldn't be run

----------

Fri Sep 04 2020 17:53:34 GMT-0700 (Pacific Daylight Time)

Script C:\Users\Tim E\Desktop\export.bat couldn't be run

----------

Fri Sep 04 2020 17:57:42 GMT-0700 (Pacific Daylight Time)

Script C:\Users\Tim E\Desktop\export.bat couldn't be run

----------

Fri Sep 04 2020 18:10:22 GMT-0700 (Pacific Daylight Time)

Script C:\Users\Tim E\Desktop\export.bat couldn't be run

----------

Fri Sep 04 2020 18:11:55 GMT-0700 (Pacific Daylight Time)

Script C:\Users\Tim E\Desktop\export.bat couldn't be run

----------

Fri Sep 04 2020 18:18:40 GMT-0700 (Pacific Daylight Time)

Script C:\Users\Tim E\Desktop\export.bat couldn't be run

----------

Fri Sep 04 2020 18:22:01 GMT-0700 (Pacific Daylight Time)

Script C:\Users\Tim E\Desktop\export.bat couldn't be run

----------

Fri Sep 04 2020 18:45:22 GMT-0700 (Pacific Daylight Time)

Script C:\Users\Tim E\Desktop\export.bat couldn't be run

----------

Fri Sep 04 2020 19:22:26 GMT-0700 (Pacific Daylight Time)

Script C:\Users\Tim E\Desktop\export.bat couldn't be run

----------

Fri Sep 04 2020 19:30:35 GMT-0700 (Pacific Daylight Time)

Script C:\Users\Tim E\Desktop\export.bat couldn't be run

----------

Fri Sep 04 2020 23:29:22 GMT-0700 (Pacific Daylight Time)

Script C:\Users\Tim E\Desktop\export.bat couldn't be run

----------

Fri Sep 04 2020 23:31:06 GMT-0700 (Pacific Daylight Time)

Script C:\Users\Tim E\Desktop\export.bat couldn't be run

----------

Fri Sep 04 2020 23:31:52 GMT-0700 (Pacific Daylight Time)

Script C:\Users\Tim E\Desktop\export.bat couldn't be run

----------

Fri Sep 04 2020 23:40:52 GMT-0700 (Pacific Daylight Time)

Script C:\Users\Tim E\Desktop\export.bat couldn't be run

----------

Sat Sep 05 2020 00:47:23 GMT-0700 (Pacific Daylight Time)

Script C:\Users\Tim E\Desktop\export.bat couldn't be run

----------

Sat Sep 05 2020 14:32:41 GMT-0700 (Pacific Daylight Time)

Script C:\Users\Tim E\Desktop\export.bat couldn't be run

----------

Sat Sep 05 2020 18:56:18 GMT-0700 (Pacific Daylight Time)

Script C:\Users\Tim E\Desktop\export.bat couldn't be run

